INFO [2024-12-07 19:25:15] $x
INFO [2024-12-07 19:25:15] list(x, y)
INFO [2024-12-07 19:25:15] 
INFO [2024-12-07 19:25:15] $category.names
INFO [2024-12-07 19:25:15] c("Control", "IR-treated")
INFO [2024-12-07 19:25:15] 
INFO [2024-12-07 19:25:15] $filename
INFO [2024-12-07 19:25:15] [1] "./figures/LOPIT_eFDR0.05/control_v_treated.png"
INFO [2024-12-07 19:25:15] 
INFO [2024-12-07 19:25:15] $main
INFO [2024-12-07 19:25:15] [1] "Control vs IR-treated"
INFO [2024-12-07 19:25:15] 
INFO [2024-12-07 19:25:15] $width
INFO [2024-12-07 19:25:15] [1] 6000
INFO [2024-12-07 19:25:15] 
INFO [2024-12-07 19:25:15] $height
INFO [2024-12-07 19:25:15] [1] 6000
INFO [2024-12-07 19:25:15] 
INFO [2024-12-07 19:25:15] $col
INFO [2024-12-07 19:25:15] c("#440154ff", "#21908dff")
INFO [2024-12-07 19:25:15] 
INFO [2024-12-07 19:25:15] $fill
INFO [2024-12-07 19:25:15] c(alpha("#440154ff", 0.3), alpha("#21908dff", 0.3))
INFO [2024-12-07 19:25:15] 
INFO [2024-12-07 19:25:15] $fontfamily
INFO [2024-12-07 19:25:15] [1] "sans"
INFO [2024-12-07 19:25:15] 
INFO [2024-12-07 19:25:15] $cat.fontfamily
INFO [2024-12-07 19:25:15] [1] "sans"
INFO [2024-12-07 19:25:15] 
INFO [2024-12-07 19:25:15] $main.fontfamily
INFO [2024-12-07 19:25:15] [1] "sans"
INFO [2024-12-07 19:25:15] 
INFO [2024-12-07 19:25:15] $cat.col
INFO [2024-12-07 19:25:15] c("#440154ff", "#21908dff")
INFO [2024-12-07 19:25:15] 
INFO [2024-12-07 19:25:15] $cat.cex
INFO [2024-12-07 19:25:15] [1] 3.5
INFO [2024-12-07 19:25:15] 
INFO [2024-12-07 19:25:15] $main.cex
INFO [2024-12-07 19:25:15] [1] 5
INFO [2024-12-07 19:25:15] 
INFO [2024-12-07 19:25:15] $cex
INFO [2024-12-07 19:25:15] [1] 3.5
INFO [2024-12-07 19:25:15] 
INFO [2024-12-07 19:25:15] $cat.fontface
INFO [2024-12-07 19:25:15] [1] 2
INFO [2024-12-07 19:25:15] 
INFO [2024-12-07 19:25:15] $cat.dist
INFO [2024-12-07 19:25:15] c(0.15, 0.15)
INFO [2024-12-07 19:25:15] 
INFO [2024-12-07 19:25:15] $sub
INFO [2024-12-07 19:25:15] [1] ""
INFO [2024-12-07 19:25:15] 
INFO [2024-12-07 19:25:15] $output
INFO [2024-12-07 19:25:15] [1] FALSE
INFO [2024-12-07 19:25:15] 
