INFO [2024-12-07 19:25:13] $x
INFO [2024-12-07 19:25:13] list(featureNames(IR_reps[[1]]), featureNames(IR_reps[[2]]), 
INFO [2024-12-07 19:25:13]     featureNames(IR_reps[[3]]))
INFO [2024-12-07 19:25:13] 
INFO [2024-12-07 19:25:13] $category.names
INFO [2024-12-07 19:25:13] c("Replicate 1", "Replicate 2 ", "Replicate 3")
INFO [2024-12-07 19:25:13] 
INFO [2024-12-07 19:25:13] $filename
INFO [2024-12-07 19:25:13] [1] "./figures/LOPIT_eFDR0.05/venn_IR_replicates.png"
INFO [2024-12-07 19:25:13] 
INFO [2024-12-07 19:25:13] $main
INFO [2024-12-07 19:25:13] [1] "IR-treated"
INFO [2024-12-07 19:25:13] 
INFO [2024-12-07 19:25:13] $width
INFO [2024-12-07 19:25:13] [1] 5400
INFO [2024-12-07 19:25:13] 
INFO [2024-12-07 19:25:13] $height
INFO [2024-12-07 19:25:13] [1] 5400
INFO [2024-12-07 19:25:13] 
INFO [2024-12-07 19:25:13] $col
INFO [2024-12-07 19:25:13] c("#440154ff", "#21908dff", "#D6BA0D")
INFO [2024-12-07 19:25:13] 
INFO [2024-12-07 19:25:13] $fill
INFO [2024-12-07 19:25:13] c(alpha("#440154ff", 0.3), alpha("#21908dff", 0.3), alpha("#D6BA0D", 
INFO [2024-12-07 19:25:13]     0.3))
INFO [2024-12-07 19:25:13] 
INFO [2024-12-07 19:25:13] $fontfamily
INFO [2024-12-07 19:25:13] [1] "sans"
INFO [2024-12-07 19:25:13] 
INFO [2024-12-07 19:25:13] $cat.fontfamily
INFO [2024-12-07 19:25:13] [1] "sans"
INFO [2024-12-07 19:25:13] 
INFO [2024-12-07 19:25:13] $main.fontfamily
INFO [2024-12-07 19:25:13] [1] "sans"
INFO [2024-12-07 19:25:13] 
INFO [2024-12-07 19:25:13] $cat.col
INFO [2024-12-07 19:25:13] c("#440154ff", "#21908dff", "#D6BA0D")
INFO [2024-12-07 19:25:13] 
INFO [2024-12-07 19:25:13] $cat.cex
INFO [2024-12-07 19:25:13] [1] 3
INFO [2024-12-07 19:25:13] 
INFO [2024-12-07 19:25:13] $main.cex
INFO [2024-12-07 19:25:13] [1] 3.5
INFO [2024-12-07 19:25:13] 
INFO [2024-12-07 19:25:13] $cex
INFO [2024-12-07 19:25:13] [1] 3
INFO [2024-12-07 19:25:13] 
INFO [2024-12-07 19:25:13] $cat.fontface
INFO [2024-12-07 19:25:13] [1] 2
INFO [2024-12-07 19:25:13] 
INFO [2024-12-07 19:25:13] $cat.dist
INFO [2024-12-07 19:25:13] c(0.07, 0.07, 0.03)
INFO [2024-12-07 19:25:13] 
INFO [2024-12-07 19:25:13] $sub
INFO [2024-12-07 19:25:13] [1] ""
INFO [2024-12-07 19:25:13] 
INFO [2024-12-07 19:25:13] $output
INFO [2024-12-07 19:25:13] [1] FALSE
INFO [2024-12-07 19:25:13] 
