INFO [2024-12-07 19:25:11] $x
INFO [2024-12-07 19:25:11] list(featureNames(C_reps[[1]]), featureNames(C_reps[[2]]), featureNames(C_reps[[3]]))
INFO [2024-12-07 19:25:11] 
INFO [2024-12-07 19:25:11] $category.names
INFO [2024-12-07 19:25:11] c("Replicate 1", "Replicate 2 ", "Replicate 3")
INFO [2024-12-07 19:25:11] 
INFO [2024-12-07 19:25:11] $filename
INFO [2024-12-07 19:25:11] [1] "./figures/LOPIT_eFDR0.05/venn_C_replicates.png"
INFO [2024-12-07 19:25:11] 
INFO [2024-12-07 19:25:11] $main
INFO [2024-12-07 19:25:11] [1] "Control"
INFO [2024-12-07 19:25:11] 
INFO [2024-12-07 19:25:11] $width
INFO [2024-12-07 19:25:11] [1] 5400
INFO [2024-12-07 19:25:11] 
INFO [2024-12-07 19:25:11] $height
INFO [2024-12-07 19:25:11] [1] 5400
INFO [2024-12-07 19:25:11] 
INFO [2024-12-07 19:25:11] $col
INFO [2024-12-07 19:25:11] c("#440154ff", "#21908dff", "#D6BA0D")
INFO [2024-12-07 19:25:11] 
INFO [2024-12-07 19:25:11] $fill
INFO [2024-12-07 19:25:11] c(alpha("#440154ff", 0.3), alpha("#21908dff", 0.3), alpha("#D6BA0D", 
INFO [2024-12-07 19:25:11]     0.3))
INFO [2024-12-07 19:25:11] 
INFO [2024-12-07 19:25:11] $fontfamily
INFO [2024-12-07 19:25:11] [1] "sans"
INFO [2024-12-07 19:25:11] 
INFO [2024-12-07 19:25:11] $cat.fontfamily
INFO [2024-12-07 19:25:11] [1] "sans"
INFO [2024-12-07 19:25:11] 
INFO [2024-12-07 19:25:11] $main.fontfamily
INFO [2024-12-07 19:25:11] [1] "sans"
INFO [2024-12-07 19:25:11] 
INFO [2024-12-07 19:25:11] $cat.col
INFO [2024-12-07 19:25:11] c("#440154ff", "#21908dff", "#D6BA0D")
INFO [2024-12-07 19:25:11] 
INFO [2024-12-07 19:25:11] $cat.cex
INFO [2024-12-07 19:25:11] [1] 3
INFO [2024-12-07 19:25:11] 
INFO [2024-12-07 19:25:11] $main.cex
INFO [2024-12-07 19:25:11] [1] 3.5
INFO [2024-12-07 19:25:11] 
INFO [2024-12-07 19:25:11] $cex
INFO [2024-12-07 19:25:11] [1] 3
INFO [2024-12-07 19:25:11] 
INFO [2024-12-07 19:25:11] $cat.fontface
INFO [2024-12-07 19:25:11] [1] 2
INFO [2024-12-07 19:25:11] 
INFO [2024-12-07 19:25:11] $cat.dist
INFO [2024-12-07 19:25:11] c(0.07, 0.07, 0.03)
INFO [2024-12-07 19:25:11] 
INFO [2024-12-07 19:25:11] $sub
INFO [2024-12-07 19:25:11] [1] ""
INFO [2024-12-07 19:25:11] 
INFO [2024-12-07 19:25:11] $output
INFO [2024-12-07 19:25:11] [1] FALSE
INFO [2024-12-07 19:25:11] 
